commit 2dfb0bd182a6b414faad49b22d16147aa287e127
Author: potapov.a.v <alexii@live.ru>
Date:   Fri Apr 8 10:04:05 2016 +0300

    1.txt

diff --git a/1.txt b/1.txt
index 2ef30a8..82cd57d 100644
--- a/1.txt
+++ b/1.txt
@@ -1,5 +1,5 @@
 fifth fourth third second first
 fifth fourth third second
-fifth fourth third
+BLAME TEST fifth fourth third
 fifth fourth
 fifth

commit 06db1cfa00337323de762bb0ae86029d3fe47234
Author: potapov.a.v <alexii@live.ru>
Date:   Thu Apr 7 15:38:20 2016 +0300

    fouth change 1.txt

diff --git a/1.txt b/1.txt
index 30dd681..2ef30a8 100644
--- a/1.txt
+++ b/1.txt
@@ -1,4 +1,5 @@
-fourth third second first
-fourth third second
-fourth third
-fourth
+fifth fourth third second first
+fifth fourth third second
+fifth fourth third
+fifth fourth
+fifth

commit 9ba69605131e27064874ecf8516b14cfe7ba6623
Author: potapov.a.v <alexii@live.ru>
Date:   Thu Apr 7 15:36:47 2016 +0300

    third change 1.txt

diff --git a/1.txt b/1.txt
index 0a443de..30dd681 100644
--- a/1.txt
+++ b/1.txt
@@ -1,3 +1,4 @@
-third second first
-third second
-third
+fourth third second first
+fourth third second
+fourth third
+fourth

commit 08ebf76060025a667556d1138386dd82ee4ddae1
Author: potapov.a.v <alexii@live.ru>
Date:   Thu Apr 7 15:35:03 2016 +0300

    second change 1.txt

diff --git a/1.txt b/1.txt
index f4f07e4..0a443de 100644
--- a/1.txt
+++ b/1.txt
@@ -1,2 +1,3 @@
-second first
-second
+third second first
+third second
+third

commit 3fa228450e8fb4e25f4ee62d684cfe4621e10947
Author: potapov.a.v <alexii@live.ru>
Date:   Thu Apr 7 15:33:46 2016 +0300

    change 1.txt first time

diff --git a/1.txt b/1.txt
index 9c59e24..f4f07e4 100644
--- a/1.txt
+++ b/1.txt
@@ -1 +1,2 @@
-first
+second first
+second

commit f6e19d1b04888e8cef58be08e7ee48d217565b9f
Author: potapov.a.v <alexii@live.ru>
Date:   Thu Apr 7 15:32:51 2016 +0300

    create 1.txt

diff --git a/1.txt b/1.txt
new file mode 100644
index 0000000..9c59e24
--- /dev/null
+++ b/1.txt
@@ -0,0 +1 @@
+first
